<?xml version="1.0" encoding="UTF-8"?>
<!-- Generated by org.testng.reporters.JUnitReportReporter -->
<testsuite skipped="0" hostname="DESKTOP-4JBAKI8" name="servicenow.CreateIncident" tests="1" failures="0" timestamp="25 May 2019 05:46:39 GMT" time="45.779" errors="0">
  <testcase name="createNewIncident" time="45.779" classname="servicenow.CreateIncident"/>
</testsuite> <!-- servicenow.CreateIncident -->
