<?xml version="1.0" encoding="UTF-8"?>
<!-- Generated by org.testng.reporters.JUnitReportReporter -->
<testsuite skipped="0" hostname="DESKTOP-4JBAKI8" name="servicenow.ResolveIncident" tests="1" failures="0" timestamp="25 May 2019 00:28:26 GMT" time="37.358" errors="0">
  <testcase name="resolveIncident" time="37.358" classname="servicenow.ResolveIncident"/>
</testsuite> <!-- servicenow.ResolveIncident -->
