<?xml version="1.0" encoding="UTF-8"?>
<!-- Generated by org.testng.reporters.JUnitReportReporter -->
<testsuite skipped="0" hostname="DESKTOP-4JBAKI8" name="servicenow.DeleteIncident" tests="1" failures="0" timestamp="25 May 2019 05:38:25 GMT" time="45.404" errors="0">
  <testcase name="deleteIncident" time="45.404" classname="servicenow.DeleteIncident"/>
</testsuite> <!-- servicenow.DeleteIncident -->
