<?xml version="1.0" encoding="UTF-8"?>
<!-- Generated by org.testng.reporters.JUnitReportReporter -->
<testsuite skipped="0" hostname="DESKTOP-4JBAKI8" name="classroom.Demo" tests="1" failures="0" timestamp="18 May 2019 13:05:04 GMT" time="7.858" errors="0">
  <testcase name="handleWebElements" time="7.858" classname="classroom.Demo"/>
</testsuite> <!-- classroom.Demo -->
