<?xml version="1.0" encoding="UTF-8"?>
<!-- Generated by org.testng.reporters.JUnitReportReporter -->
<testsuite skipped="0" hostname="DESKTOP-4JBAKI8" name="servicenow.DeleteIncident" tests="1" failures="0" timestamp="24 May 2019 09:54:18 GMT" time="34.760" errors="0">
  <testcase name="deleteIncident" time="34.760" classname="servicenow.DeleteIncident"/>
</testsuite> <!-- servicenow.DeleteIncident -->
