<?xml version="1.0" encoding="UTF-8"?>
<!-- Generated by org.testng.reporters.JUnitReportReporter -->
<testsuite skipped="0" hostname="DESKTOP-4JBAKI8" name="classroom.IphoneTestCase" tests="1" failures="0" timestamp="18 May 2019 05:03:28 GMT" time="19.278" errors="0">
  <testcase name="firstTest" time="19.278" classname="classroom.IphoneTestCase"/>
</testsuite> <!-- classroom.IphoneTestCase -->
