<?xml version="1.0" encoding="UTF-8"?>
<!-- Generated by org.testng.reporters.JUnitReportReporter -->
<testsuite skipped="0" hostname="DESKTOP-4JBAKI8" name="classroom.WebInteractions" tests="1" failures="0" timestamp="19 May 2019 04:50:04 GMT" time="13.124" errors="0">
  <testcase name="webInteractions" time="13.124" classname="classroom.WebInteractions"/>
</testsuite> <!-- classroom.WebInteractions -->
