<?xml version="1.0" encoding="UTF-8"?>
<!-- Generated by org.testng.reporters.JUnitReportReporter -->
<testsuite skipped="0" hostname="DESKTOP-4JBAKI8" name="servicenow.CreateIncident" tests="1" failures="0" timestamp="25 May 2019 00:16:44 GMT" time="37.573" errors="0">
  <testcase name="createNewIncident" time="37.573" classname="servicenow.CreateIncident"/>
</testsuite> <!-- servicenow.CreateIncident -->
